=== Kaplan-Meier Plot Debug Log ===
Timestamp: 2025-11-05 12:57:54.293924
Total samples in dataset: 143
Variables in model: CELF6 + IGFL1 + PLAA + GPR61 + SRRD + LGALS8
Cox model fitted successfully

=== Risk Scores ===
Total risk scores: 143
NA risk scores: 0
Valid samples after filtering: 143
Risk score range: -17.0250332267376 to 15.607932759909
Risk score mean: -1.65459866088012e-16 SD: 5.92211203870861

=== Risk Score Summary ===
   Min. 1st Qu.  Median    Mean 3rd Qu.    Max. 
-17.025  -4.140   0.462   0.000   4.823  15.608 

=== assign_risk_groups called ===
Total scores: 143
NA scores: 0
Valid scores: 143
Score range: -17.0250332267376 to 15.607932759909
Score mean: -1.65459866088012e-16 SD: 5.92211203870861
Quantile breaks: -17.0250332267376, -2.54883277585262, 2.67572154651778, 15.607932759909
Unique breaks: 4 out of 4
Using cut() method for group assignment
Group distribution after cut():
groups
   Low Medium   High   <NA> 
    48     47     48      0 

=== Risk Groups Created ===
Base groups distribution:
base_groups
   Low Medium   High   <NA> 
    48     47     48      0 

=== Risk Groups with Labels ===
risk_groups
   Low Risk Medium Risk   High Risk        <NA> 
         48          47          48           0 
Valid group assignments: 143

=== Final Group Counts ===
risk_groups_filtered
   Low Risk Medium Risk   High Risk 
         48          47          48 
Number of groups: 3
Total samples in groups: 143

=== Survival Data ===
Survival data rows: 143
Time range: 0 to 23.5753424657534
Events: 18 out of 143 (12.6%)

=== Survival Fit ===
Strata: risk_group=Low Risk, risk_group=Medium Risk, risk_group=High Risk
Number of strata: 3
   risk_group=Low Risk : 48 observations
   risk_group=Medium Risk : 46 observations
   risk_group=High Risk : 47 observations

=== Plot Data ===
Plot data rows: 18
Unique strata in plot: High Risk
   High Risk : 18 time points

=== Color Mapping (Static) ===
Color map:
   Low Risk : #2ca02c
   Medium Risk : #ff7f0e
   High Risk : #d62728

=== Creating Plot ===
Plot created successfully

=== Saving Plot ===
Plot saved successfully

=== Analysis Complete ===
Debug log saved to: /home/ubuntu/projects/prognosis_marker/results/survival/figures/Surv_KM_Debug.log
